SF:C:\Fathym\source\github\fathym-deno\fathym-dev-space\projects\open-source\fathym-cli\commands\cli\.metadata.ts
FNF:0
FNH:0
BRF:0
BRH:0
DA:12,1
DA:13,1
DA:14,1
DA:15,1
LH:4
LF:4
end_of_record
SF:C:\Fathym\source\github\fathym-deno\fathym-dev-space\projects\open-source\fathym-cli\commands\projects\.metadata.ts
FNF:0
FNH:0
BRF:0
BRH:0
DA:12,1
DA:13,1
DA:14,1
DA:15,1
LH:4
LF:4
end_of_record
SF:C:\Fathym\source\github\fathym-deno\fathym-dev-space\projects\open-source\fathym-cli\commands\task.ts
FN:91,get ProjectRef
FN:96,get TaskName
FN:101,get DryRun
FNDA:0,get ProjectRef
FNDA:0,get TaskName
FNDA:0,get DryRun
FNF:3
FNH:0
BRF:0
BRH:0
DA:49,1
DA:50,1
DA:52,1
DA:59,1
DA:60,1
DA:61,1
DA:70,1
DA:71,1
DA:72,1
DA:73,1
DA:74,3
DA:75,1
DA:76,1
DA:77,1
DA:78,3
DA:79,1
DA:86,1
DA:91,0
DA:92,0
DA:93,0
DA:96,0
DA:97,0
DA:98,0
DA:101,0
DA:102,0
DA:103,0
DA:104,1
DA:106,0
DA:107,0
DA:108,0
DA:109,0
DA:110,0
DA:111,0
DA:112,0
DA:114,0
DA:117,0
DA:118,0
DA:119,0
DA:120,0
DA:121,0
DA:123,0
DA:124,0
DA:126,0
DA:127,0
DA:128,0
DA:129,0
DA:131,0
DA:132,0
DA:133,0
DA:134,0
DA:136,0
DA:137,0
DA:139,0
DA:140,0
DA:143,0
DA:144,0
DA:145,0
DA:146,0
DA:147,0
DA:148,0
DA:149,0
DA:151,0
DA:152,0
DA:153,0
DA:154,0
DA:156,0
DA:157,0
DA:158,0
DA:160,0
DA:161,0
DA:162,0
DA:164,0
DA:165,0
DA:167,0
DA:169,0
DA:170,0
DA:171,0
DA:172,0
DA:173,0
DA:174,0
DA:175,0
DA:177,0
DA:179,0
DA:180,0
DA:181,0
DA:182,0
DA:183,0
DA:184,0
LH:18
LF:88
end_of_record
SF:C:\Fathym\source\github\fathym-deno\fathym-dev-space\projects\open-source\fathym-cli\src\projects\ProjectResolver.ts
FN:124,<instance_members_initializer>
FN:130,DFSProjectResolver
FN:132,Resolve
FN:176,discoverProjects
FN:197,walkDirectory
FN:228,resolveByName
FN:242,loadProjectFromPath
FN:273,isDirectory
FN:287,isDenoConfig
FN:296,normalizePath
FNDA:12,<instance_members_initializer>
FNDA:12,DFSProjectResolver
FNDA:13,Resolve
FNDA:7,discoverProjects
FNDA:1,walkDirectory
FNDA:2,resolveByName
FNDA:27,loadProjectFromPath
FNDA:3,isDirectory
FNDA:8,isDenoConfig
FNDA:11,normalizePath
FNF:10
FNH:10
BRDA:133,3,0,1
BRDA:133,3,1,12
BRDA:136,3,2,5
BRDA:138,3,3,8
BRDA:141,3,4,1
BRDA:144,3,5,0
BRDA:144,3,6,0
BRDA:147,3,7,7
BRDA:150,3,8,0
BRDA:150,3,9,7
BRDA:151,3,10,0
BRDA:151,3,11,7
BRDA:154,3,12,7
BRDA:155,3,13,3
BRDA:156,3,14,0
BRDA:156,3,15,0
BRDA:158,3,16,4
BRDA:161,3,17,1
BRDA:162,3,18,0
BRDA:162,3,19,0
BRDA:164,3,20,3
BRDA:168,3,21,1
BRDA:170,3,22,2
BRDA:184,4,0,13
BRDA:185,4,1,0
BRDA:188,4,2,0
BRDA:189,4,3,2
BRDA:189,4,4,1
BRDA:189,4,5,12
BRDA:207,5,0,3
BRDA:208,5,1,0
BRDA:214,5,2,1
BRDA:216,5,3,2
BRDA:219,5,4,0
BRDA:219,5,5,2
BRDA:220,5,6,0
BRDA:220,5,7,0
BRDA:220,5,8,2
BRDA:232,6,0,3
BRDA:233,6,1,1
BRDA:234,6,2,0
BRDA:234,6,3,0
BRDA:245,7,0,7
BRDA:245,7,1,20
BRDA:255,7,2,18
BRDA:255,7,3,2
BRDA:256,7,4,16
BRDA:257,7,5,20
BRDA:261,7,6,8
BRDA:265,7,7,20
BRDA:268,7,8,0
BRDA:277,8,0,4
BRDA:279,8,1,1
BRDA:282,8,2,2
BRDA:299,10,0,7
BRDA:303,10,1,2
BRF:56
BRH:39
DA:44,2
DA:45,2
DA:124,2
DA:130,30
DA:132,2
DA:133,15
DA:136,15
DA:137,20
DA:138,20
DA:141,15
DA:142,16
DA:143,16
DA:144,0
DA:145,48
DA:146,16
DA:147,16
DA:150,0
DA:151,0
DA:154,15
DA:155,15
DA:156,0
DA:157,54
DA:158,18
DA:160,19
DA:161,15
DA:162,0
DA:163,48
DA:164,16
DA:167,18
DA:168,15
DA:169,16
DA:170,16
DA:173,17
DA:174,15
DA:176,2
DA:177,9
DA:179,9
DA:180,9
DA:181,27
DA:182,36
DA:183,9
DA:184,9
DA:185,0
DA:187,22
DA:188,0
DA:189,22
DA:191,34
DA:192,34
DA:194,9
DA:195,9
DA:197,2
DA:198,3
DA:200,3
DA:202,3
DA:203,3
DA:204,9
DA:205,12
DA:206,3
DA:207,3
DA:208,0
DA:211,6
DA:214,6
DA:215,7
DA:216,7
DA:218,8
DA:219,0
DA:220,0
DA:222,8
DA:223,8
DA:225,3
DA:226,3
DA:228,2
DA:229,4
DA:230,4
DA:232,4
DA:233,7
DA:234,0
DA:235,8
DA:236,8
DA:237,7
DA:239,4
DA:240,4
DA:242,2
DA:243,29
DA:244,29
DA:245,29
DA:247,49
DA:248,49
DA:253,49
DA:254,49
DA:255,29
DA:256,29
DA:257,29
DA:260,29
DA:261,29
DA:262,37
DA:263,37
DA:264,37
DA:265,37
DA:267,343
DA:268,0
DA:269,0
DA:270,0
DA:271,29
DA:273,2
DA:275,5
DA:277,5
DA:278,9
DA:279,9
DA:280,10
DA:281,10
DA:282,9
DA:284,7
DA:285,5
DA:287,2
DA:288,10
DA:289,10
DA:290,10
DA:296,2
DA:297,13
DA:299,13
DA:300,20
DA:301,20
DA:303,13
DA:304,15
DA:305,15
DA:306,13
DA:307,13
DA:308,2
LH:115
LF:129
end_of_record
